<?xml version="1.0" encoding="UTF-8"?>
<!-- Generated by org.testng.reporters.JUnitReportReporter -->
<testsuite hostname="QT-INBG-LT1130" failures="0" tests="1" name="MobileWorld.ContactUs.SignUp" time="15.773" errors="0" timestamp="2022-09-19T17:34:03 IST" skipped="0">
  <testcase classname="MobileWorld.ContactUs.SignUp" name="signup" time="15.773"/>
  <system-out/>
</testsuite> <!-- MobileWorld.ContactUs.SignUp -->
