<?xml version="1.0" encoding="UTF-8"?>
<!-- Generated by org.testng.reporters.JUnitReportReporter -->
<testsuite hostname="QT-INBG-LT1130" failures="0" tests="2" name="MobileWorld.ContactUs.SignIn" time="16.123" errors="0" timestamp="2022-10-14T09:45:58 IST" skipped="0">
  <testcase classname="MobileWorld.ContactUs.SignIn" name="signin" time="5.425"/>
  <system-out/>
  <testcase classname="MobileWorld.ContactUs.SignIn" name="signin" time="10.698"/>
  <system-out/>
</testsuite> <!-- MobileWorld.ContactUs.SignIn -->
