<?xml version="1.0" encoding="UTF-8"?>
<!-- Generated by org.testng.reporters.JUnitReportReporter -->
<testsuite hostname="QT-INBG-LT1130" failures="0" tests="2" name="MobileWorld.ContactUs.StandardAloneTest" time="10.886" errors="0" timestamp="2022-09-19T14:56:58 IST" skipped="0">
  <testcase classname="MobileWorld.ContactUs.StandardAloneTest" name="contactus" time="4.514"/>
  <system-out/>
  <testcase classname="MobileWorld.ContactUs.StandardAloneTest" name="contactus" time="6.372"/>
  <system-out/>
</testsuite> <!-- MobileWorld.ContactUs.StandardAloneTest -->
