<?xml version="1.0" encoding="UTF-8"?>
<!-- Generated by org.testng.reporters.JUnitReportReporter -->
<testsuite hostname="QT-INBG-LT1130" failures="0" tests="2" name="MobileWorld.ContactUs.StandardAloneTest" time="27.871" errors="0" timestamp="2022-10-17T09:37:06 IST" skipped="0">
  <testcase classname="MobileWorld.ContactUs.StandardAloneTest" name="contactus" time="16.090"/>
  <system-out/>
  <testcase classname="MobileWorld.ContactUs.StandardAloneTest" name="contactus" time="11.781"/>
  <system-out/>
</testsuite> <!-- MobileWorld.ContactUs.StandardAloneTest -->
