<?xml version="1.0" encoding="UTF-8"?>
<!-- Generated by org.testng.reporters.JUnitReportReporter -->
<testsuite hostname="QT-INBG-LT1130" failures="0" tests="2" name="MobileWorld.ContactUs.SignIn" time="10.540" errors="0" timestamp="2022-09-19T16:23:39 IST" skipped="0">
  <testcase classname="MobileWorld.ContactUs.SignIn" name="signin" time="4.659"/>
  <system-out/>
  <testcase classname="MobileWorld.ContactUs.SignIn" name="signin" time="5.881"/>
  <system-out/>
</testsuite> <!-- MobileWorld.ContactUs.SignIn -->
